[2014/05/24 16:44:30 JST] [INFO] (main.main:96) start monitoring
[2014/05/24 16:44:31 JST] [INFO] (main.sendAlertMail:187) Send mail: [monitoring-log.n2sm.co.jp]ALERT: disk-used 40% : DISK大丈夫？
[2014/05/24 16:44:35 JST] [INFO] (main.sendAlertMail:187) Send mail: [monitoring-log.n2sm.co.jp]ALERT: cpu-used 0% : CPU大丈夫？
[2014/05/24 16:44:38 JST] [INFO] (main.sendAlertMail:187) Send mail: [monitoring-log.n2sm.co.jp]ALERT: mem-used 47% : MEM大丈夫？
[2014/05/24 17:08:05 JST] [INFO] (main.main:96) start monitoring
[2014/05/24 17:08:05 JST] [INFO] (github.com/yfujita/monitoring-elasticsearch-fluent/monitor.NewMonitorDstat:41) New MonitorDstat. host:log.n2sm.co.jp port:80 index:dstat-* type:log.n2sm.co.jp
[2014/05/24 17:08:06 JST] [INFO] (main.sendAlertMail:187) Send mail: [monitoring-log.n2sm.co.jp]ALERT: disk-used 40% : DISK大丈夫？
[2014/05/24 17:08:10 JST] [INFO] (main.sendAlertMail:187) Send mail: [monitoring-log.n2sm.co.jp]ALERT: cpu-used 0% : CPU大丈夫？
[2014/05/24 17:32:56 JST] [INFO] (main.main:95) start monitoring
[2014/05/24 17:32:56 JST] [INFO] (github.com/yfujita/monitoring-elasticsearch-fluent/monitor.NewMonitorDstat:42) New MonitorDstat. host:log.n2sm.co.jp port:80 index:dstat-* type:log.n2sm.co.jp
[2014/05/24 17:32:57 JST] [INFO] (main.sendAlertMail:191) Send mail: [monitoring-log.n2sm.co.jp]ALERT: disk-used 40% : DISK大丈夫？
[2014/05/24 17:33:01 JST] [INFO] (main.sendAlertMail:191) Send mail: [monitoring-log.n2sm.co.jp]ALERT: cpu-used 0% : CPU大丈夫？
[2014/05/24 17:33:03 JST] [INFO] (main.sendAlertMail:191) Send mail: [monitoring-log.n2sm.co.jp]ALERT: mem-used 48% : MEM大丈夫？
[2014/05/24 17:58:08 JST] [INFO] (main.main:95) start monitoring
[2014/05/24 17:58:08 JST] [INFO] (github.com/yfujita/monitoring-elasticsearch-fluent/monitor.NewMonitorDstat:42) New MonitorDstat. host:log.n2sm.co.jp port:80 index:dstat-* type:log.n2sm.co.jp
[2014/05/24 17:58:09 JST] [INFO] (main.sendAlertMail:191) Send mail: [monitoring-log.n2sm.co.jp]ALERT: disk-used 40% : DISK大丈夫？
[2014/05/24 17:58:12 JST] [INFO] (main.sendAlertMail:191) Send mail: [monitoring-log.n2sm.co.jp]ALERT: cpu-used 0% : CPU大丈夫？
[2014/05/24 17:58:14 JST] [INFO] (main.sendAlertMail:191) Send mail: [monitoring-log.n2sm.co.jp]ALERT: mem-used 48% : MEM大丈夫？
[2014/05/24 22:09:07 JST] [INFO] (main.main:99) start monitoring
[2014/05/24 22:09:07 JST] [INFO] (github.com/yfujita/monitoring-elasticsearch-fluent/monitor.NewMonitorDstat:42) New MonitorDstat. host:log.n2sm.co.jp port:80 index:dstat-* type:log.n2sm.co.jp
[2014/05/24 22:09:07 JST] [INFO] (main.sendAlertMail:195) Send mail: [monitoring-log.n2sm.co.jp]ALERT: disk-used 40% : DISK大丈夫？
[2014/05/24 22:09:11 JST] [INFO] (main.sendAlertMail:195) Send mail: [monitoring-log.n2sm.co.jp]ALERT: cpu-used 0% : CPU大丈夫？
[2014/05/24 22:09:14 JST] [INFO] (main.sendAlertMail:195) Send mail: [monitoring-log.n2sm.co.jp]ALERT: mem-used 48% : MEM大丈夫？
[2014/05/24 22:11:18 JST] [INFO] (main.main:99) start monitoring
[2014/05/24 22:11:18 JST] [INFO] (github.com/yfujita/monitoring-elasticsearch-fluent/monitor.NewMonitorDstat:42) New MonitorDstat. host:log.n2sm.co.jp port:80 index:dstat-* type:log.n2sm.co.jp
[2014/05/24 22:11:18 JST] [INFO] (main.sendAlertMail:195) Send mail: [monitoring-log.n2sm.co.jp]ALERT: disk-used 40% : DISK大丈夫？
[2014/05/24 22:11:22 JST] [INFO] (main.sendAlertMail:195) Send mail: [monitoring-log.n2sm.co.jp]ALERT: cpu-used 0% : CPU大丈夫？
[2014/05/24 22:11:25 JST] [INFO] (main.sendAlertMail:195) Send mail: [monitoring-log.n2sm.co.jp]ALERT: mem-used 48% : MEM大丈夫？
[2014/05/24 22:14:04 JST] [INFO] (main.main:99) start monitoring
[2014/05/24 22:14:04 JST] [INFO] (github.com/yfujita/monitoring-elasticsearch-fluent/monitor.NewMonitorDstat:42) New MonitorDstat. host:log.n2sm.co.jp port:80 index:dstat-* type:log.n2sm.co.jp
[2014/05/24 22:14:04 JST] [INFO] (main.sendAlertMail:195) Send mail: [monitoring-log.n2sm.co.jp]ALERT: disk-used 40% : DISK大丈夫？
[2014/05/24 22:14:07 JST] [INFO] (main.sendAlertMail:195) Send mail: [monitoring-log.n2sm.co.jp]ALERT: cpu-used 0% : CPU大丈夫？
[2014/05/24 22:14:10 JST] [INFO] (main.sendAlertMail:195) Send mail: [monitoring-log.n2sm.co.jp]ALERT: mem-used 48% : MEM大丈夫？
[2014/05/24 22:17:06 JST] [INFO] (main.main:99) start monitoring
[2014/05/24 22:17:06 JST] [INFO] (github.com/yfujita/monitoring-elasticsearch-fluent/monitor.NewMonitorDstat:42) New MonitorDstat. host:log.n2sm.co.jp port:80 index:dstat-* type:log.n2sm.co.jp
[2014/05/24 22:17:06 JST] [DEBG] (main.monitoringDstat:128) start monitoring task. server:log.n2sm.co.jp
[2014/05/24 22:17:07 JST] [INFO] (main.sendAlertMail:197) Send mail: [monitoring-log.n2sm.co.jp]ALERT: disk-used 40% : DISK大丈夫？
[2014/05/24 22:17:10 JST] [INFO] (main.sendAlertMail:197) Send mail: [monitoring-log.n2sm.co.jp]ALERT: cpu-used 0% : CPU大丈夫？
[2014/05/24 22:17:13 JST] [INFO] (main.sendAlertMail:197) Send mail: [monitoring-log.n2sm.co.jp]ALERT: mem-used 48% : MEM大丈夫？
[2014/05/24 22:18:07 JST] [DEBG] (main.monitoringDstat:128) start monitoring task. server:log.n2sm.co.jp
[2014/05/24 22:27:54 JST] [INFO] (main.main:97) start monitoring
[2014/05/24 22:27:54 JST] [INFO] (github.com/yfujita/monitoring-elasticsearch-fluent/monitor.NewMonitorDstat:42) New MonitorDstat. host:log.n2sm.co.jp port:80 index:dstat-* type:log.n2sm.co.jp
[2014/05/24 22:27:54 JST] [DEBG] (main.monitoringDstat:131) start monitoring task. server:log.n2sm.co.jp
[2014/05/24 22:27:55 JST] [INFO] (main.sendAlertMail:200) Send mail: [monitoring-log.n2sm.co.jp]ALERT: disk-used 40% : DISK大丈夫？
[2014/05/24 22:27:58 JST] [INFO] (main.sendAlertMail:200) Send mail: [monitoring-log.n2sm.co.jp]ALERT: cpu-used 0% : CPU大丈夫？
[2014/05/24 22:28:01 JST] [INFO] (main.sendAlertMail:200) Send mail: [monitoring-log.n2sm.co.jp]ALERT: mem-used 48% : MEM大丈夫？
[2014/05/24 22:28:55 JST] [DEBG] (main.monitoringDstat:131) start monitoring task. server:log.n2sm.co.jp
[2014/05/24 22:29:55 JST] [INFO] (main.main:97) start monitoring
[2014/05/24 22:29:55 JST] [INFO] (github.com/yfujita/monitoring-elasticsearch-fluent/monitor.NewMonitorDstat:42) New MonitorDstat. host:log.n2sm.co.jp port:80 index:dstat-* type:log.n2sm.co.jp
[2014/05/24 22:29:55 JST] [DEBG] (main.monitoringDstat:132) start monitoring task. server:log.n2sm.co.jp
[2014/05/24 22:29:55 JST] [INFO] (main.sendAlertMail:201) Send mail: [monitoring-log.n2sm.co.jp]ALERT: disk-used 40% : DISK大丈夫？
[2014/05/24 22:29:59 JST] [INFO] (main.sendAlertMail:201) Send mail: [monitoring-log.n2sm.co.jp]ALERT: cpu-used 0% : CPU大丈夫？
[2014/05/24 22:30:01 JST] [INFO] (main.sendAlertMail:201) Send mail: [monitoring-log.n2sm.co.jp]ALERT: mem-used 48% : MEM大丈夫？
